mode: set
github.com/pivotalservices/pezauth/cloudfoundryclient/cf_client.go:11.84,19.2 3 0
github.com/pivotalservices/pezauth/cloudfoundryclient/cf_client.go:22.74,31.44 2 1
github.com/pivotalservices/pezauth/cloudfoundryclient/cf_client.go:37.2,37.53 1 1
github.com/pivotalservices/pezauth/cloudfoundryclient/cf_client.go:42.2,44.8 3 1
github.com/pivotalservices/pezauth/cloudfoundryclient/cf_client.go:31.44,36.3 4 1
github.com/pivotalservices/pezauth/cloudfoundryclient/cf_client.go:37.53,41.3 3 1
github.com/pivotalservices/pezauth/cloudfoundryclient/cf_client.go:47.108,48.50 1 1
github.com/pivotalservices/pezauth/cloudfoundryclient/cf_client.go:59.2,59.16 1 1
github.com/pivotalservices/pezauth/cloudfoundryclient/cf_client.go:62.2,62.8 1 1
github.com/pivotalservices/pezauth/cloudfoundryclient/cf_client.go:48.50,50.38 1 1
github.com/pivotalservices/pezauth/cloudfoundryclient/cf_client.go:51.3,53.40 1 1
github.com/pivotalservices/pezauth/cloudfoundryclient/cf_client.go:53.40,55.5 1 1
github.com/pivotalservices/pezauth/cloudfoundryclient/cf_client.go:59.16,61.3 1 1
github.com/pivotalservices/pezauth/cloudfoundryclient/cf_client.go:66.76,83.44 3 1
github.com/pivotalservices/pezauth/cloudfoundryclient/cf_client.go:92.2,92.53 1 1
github.com/pivotalservices/pezauth/cloudfoundryclient/cf_client.go:97.2,98.8 2 1
github.com/pivotalservices/pezauth/cloudfoundryclient/cf_client.go:83.44,91.3 7 1
github.com/pivotalservices/pezauth/cloudfoundryclient/cf_client.go:92.53,96.3 3 1
github.com/pivotalservices/pezauth/cloudfoundryclient/cf_client.go:102.116,112.44 3 1
github.com/pivotalservices/pezauth/cloudfoundryclient/cf_client.go:115.2,115.53 1 1
github.com/pivotalservices/pezauth/cloudfoundryclient/cf_client.go:120.2,121.8 2 1
github.com/pivotalservices/pezauth/cloudfoundryclient/cf_client.go:112.44,114.3 1 1
github.com/pivotalservices/pezauth/cloudfoundryclient/cf_client.go:115.53,119.3 3 1
github.com/pivotalservices/pezauth/cloudfoundryclient/cf_client.go:125.71,138.44 3 1
github.com/pivotalservices/pezauth/cloudfoundryclient/cf_client.go:145.2,145.53 1 1
github.com/pivotalservices/pezauth/cloudfoundryclient/cf_client.go:149.2,150.8 2 1
github.com/pivotalservices/pezauth/cloudfoundryclient/cf_client.go:138.44,144.3 5 1
github.com/pivotalservices/pezauth/cloudfoundryclient/cf_client.go:145.53,148.3 2 1
github.com/pivotalservices/pezauth/cloudfoundryclient/cf_client.go:154.77,156.2 1 0
github.com/pivotalservices/pezauth/cloudfoundryclient/cf_client.go:159.57,161.2 1 0
github.com/pivotalservices/pezauth/cloudfoundryclient/rest_runner.go:5.28,13.53 3 1
github.com/pivotalservices/pezauth/cloudfoundryclient/rest_runner.go:17.2,17.96 1 1
github.com/pivotalservices/pezauth/cloudfoundryclient/rest_runner.go:13.53,15.3 1 0
github.com/pivotalservices/pezauth/cloudfoundryclient/rest_runner.go:17.96,20.110 2 1
github.com/pivotalservices/pezauth/cloudfoundryclient/rest_runner.go:20.110,24.4 2 1
github.com/pivotalservices/pezauth/cloudfoundryclient/rest_runner.go:24.4,27.4 2 1
github.com/pivotalservices/pezauth/cloudfoundryclient/rest_runner.go:31.36,32.16 1 1
github.com/pivotalservices/pezauth/cloudfoundryclient/rest_runner.go:35.2,35.12 1 1
github.com/pivotalservices/pezauth/cloudfoundryclient/rest_runner.go:32.16,34.3 1 1
