mode: set
github.com/pivotalservices/pezdispenser/cloudfoundryclient/cf_client.go:11.84,18.2 2 1
github.com/pivotalservices/pezdispenser/cloudfoundryclient/cf_client.go:21.74,30.44 2 1
github.com/pivotalservices/pezdispenser/cloudfoundryclient/cf_client.go:36.2,36.53 1 1
github.com/pivotalservices/pezdispenser/cloudfoundryclient/cf_client.go:41.2,43.8 3 1
github.com/pivotalservices/pezdispenser/cloudfoundryclient/cf_client.go:30.44,35.3 4 1
github.com/pivotalservices/pezdispenser/cloudfoundryclient/cf_client.go:36.53,40.3 3 1
github.com/pivotalservices/pezdispenser/cloudfoundryclient/cf_client.go:46.108,47.50 1 1
github.com/pivotalservices/pezdispenser/cloudfoundryclient/cf_client.go:58.2,58.16 1 1
github.com/pivotalservices/pezdispenser/cloudfoundryclient/cf_client.go:61.2,61.8 1 1
github.com/pivotalservices/pezdispenser/cloudfoundryclient/cf_client.go:47.50,49.38 1 1
github.com/pivotalservices/pezdispenser/cloudfoundryclient/cf_client.go:50.3,52.40 1 1
github.com/pivotalservices/pezdispenser/cloudfoundryclient/cf_client.go:52.40,54.5 1 1
github.com/pivotalservices/pezdispenser/cloudfoundryclient/cf_client.go:58.16,60.3 1 1
github.com/pivotalservices/pezdispenser/cloudfoundryclient/cf_client.go:65.76,82.44 3 1
github.com/pivotalservices/pezdispenser/cloudfoundryclient/cf_client.go:91.2,91.53 1 1
github.com/pivotalservices/pezdispenser/cloudfoundryclient/cf_client.go:96.2,97.8 2 1
github.com/pivotalservices/pezdispenser/cloudfoundryclient/cf_client.go:82.44,90.3 7 1
github.com/pivotalservices/pezdispenser/cloudfoundryclient/cf_client.go:91.53,95.3 3 1
github.com/pivotalservices/pezdispenser/cloudfoundryclient/cf_client.go:101.116,111.44 3 1
github.com/pivotalservices/pezdispenser/cloudfoundryclient/cf_client.go:114.2,114.53 1 1
github.com/pivotalservices/pezdispenser/cloudfoundryclient/cf_client.go:119.2,120.8 2 1
github.com/pivotalservices/pezdispenser/cloudfoundryclient/cf_client.go:111.44,113.3 1 1
github.com/pivotalservices/pezdispenser/cloudfoundryclient/cf_client.go:114.53,118.3 3 1
github.com/pivotalservices/pezdispenser/cloudfoundryclient/cf_client.go:124.71,137.44 3 1
github.com/pivotalservices/pezdispenser/cloudfoundryclient/cf_client.go:144.2,144.53 1 1
github.com/pivotalservices/pezdispenser/cloudfoundryclient/cf_client.go:148.2,149.8 2 1
github.com/pivotalservices/pezdispenser/cloudfoundryclient/cf_client.go:137.44,143.3 5 1
github.com/pivotalservices/pezdispenser/cloudfoundryclient/cf_client.go:144.53,147.3 2 1
github.com/pivotalservices/pezdispenser/cloudfoundryclient/cf_client.go:153.58,163.44 3 1
github.com/pivotalservices/pezdispenser/cloudfoundryclient/cf_client.go:166.2,166.53 1 1
github.com/pivotalservices/pezdispenser/cloudfoundryclient/cf_client.go:170.2,173.8 3 1
github.com/pivotalservices/pezdispenser/cloudfoundryclient/cf_client.go:163.44,165.3 1 1
github.com/pivotalservices/pezdispenser/cloudfoundryclient/cf_client.go:166.53,169.3 2 1
github.com/pivotalservices/pezdispenser/cloudfoundryclient/cf_client.go:177.77,179.2 1 0
github.com/pivotalservices/pezdispenser/cloudfoundryclient/cf_client.go:182.57,184.2 1 0
github.com/pivotalservices/pezdispenser/cloudfoundryclient/rest_runner.go:5.28,13.53 3 1
github.com/pivotalservices/pezdispenser/cloudfoundryclient/rest_runner.go:17.2,17.96 1 1
github.com/pivotalservices/pezdispenser/cloudfoundryclient/rest_runner.go:13.53,15.3 1 0
github.com/pivotalservices/pezdispenser/cloudfoundryclient/rest_runner.go:17.96,20.110 2 1
github.com/pivotalservices/pezdispenser/cloudfoundryclient/rest_runner.go:20.110,24.4 2 1
github.com/pivotalservices/pezdispenser/cloudfoundryclient/rest_runner.go:24.4,27.4 2 1
github.com/pivotalservices/pezdispenser/cloudfoundryclient/rest_runner.go:31.36,32.16 1 1
github.com/pivotalservices/pezdispenser/cloudfoundryclient/rest_runner.go:35.2,35.12 1 1
github.com/pivotalservices/pezdispenser/cloudfoundryclient/rest_runner.go:32.16,34.3 1 1
