mode: set
github.com/pivotalservices/pezauth/integrations/heritage.go:11.57,19.16 7 0
github.com/pivotalservices/pezauth/integrations/heritage.go:22.2,26.10 5 0
github.com/pivotalservices/pezauth/integrations/heritage.go:19.16,21.3 1 0
github.com/pivotalservices/pezauth/integrations/mongo.go:14.51,20.16 5 1
github.com/pivotalservices/pezauth/integrations/mongo.go:23.2,27.15 5 1
github.com/pivotalservices/pezauth/integrations/mongo.go:28.2,28.10 1 0
github.com/pivotalservices/pezauth/integrations/mongo.go:20.16,22.3 1 0
github.com/pivotalservices/pezauth/integrations/mongo.go:27.15,27.39 1 0
github.com/pivotalservices/pezauth/integrations/mongo.go:31.29,34.65 2 1
github.com/pivotalservices/pezauth/integrations/mongo.go:37.2,38.56 2 0
github.com/pivotalservices/pezauth/integrations/mongo.go:34.65,36.3 1 1
github.com/pivotalservices/pezauth/integrations/mongo.go:41.35,42.6 1 0
github.com/pivotalservices/pezauth/integrations/mongo.go:42.6,44.42 1 0
github.com/pivotalservices/pezauth/integrations/mongo.go:49.3,49.38 1 0
github.com/pivotalservices/pezauth/integrations/mongo.go:44.42,48.4 3 0
github.com/pivotalservices/pezauth/integrations/newrelic.go:11.57,17.16 5 0
github.com/pivotalservices/pezauth/integrations/newrelic.go:20.2,22.10 3 0
github.com/pivotalservices/pezauth/integrations/newrelic.go:17.16,19.3 1 0
github.com/pivotalservices/pezauth/integrations/oauth2.go:11.53,17.16 5 0
github.com/pivotalservices/pezauth/integrations/oauth2.go:20.2,22.10 3 0
github.com/pivotalservices/pezauth/integrations/oauth2.go:17.16,19.3 1 0
github.com/pivotalservices/pezauth/integrations/redis.go:13.51,22.16 8 0
github.com/pivotalservices/pezauth/integrations/redis.go:25.2,26.15 2 0
github.com/pivotalservices/pezauth/integrations/redis.go:27.2,27.10 1 0
github.com/pivotalservices/pezauth/integrations/redis.go:22.16,24.3 1 0
github.com/pivotalservices/pezauth/integrations/redis.go:26.15,26.39 1 0
github.com/pivotalservices/pezauth/integrations/redis.go:30.29,33.56 2 0
github.com/pivotalservices/pezauth/integrations/redis.go:37.2,37.52 1 0
github.com/pivotalservices/pezauth/integrations/redis.go:33.56,35.3 1 0
github.com/pivotalservices/pezauth/integrations/redis.go:37.52,39.3 1 0
github.com/pivotalservices/pezauth/integrations/redis.go:42.35,44.6 1 0
github.com/pivotalservices/pezauth/integrations/redis.go:44.6,46.38 1 0
github.com/pivotalservices/pezauth/integrations/redis.go:51.3,51.38 1 0
github.com/pivotalservices/pezauth/integrations/redis.go:46.38,50.4 3 0
