mode: set
github.com/pivotal-pez/pezdispenser/service/get_task_by_id_controller.go:14.115,17.74 2 1
github.com/pivotal-pez/pezdispenser/service/get_task_by_id_controller.go:17.74,28.61 4 1
github.com/pivotal-pez/pezdispenser/service/get_task_by_id_controller.go:36.3,36.31 1 1
github.com/pivotal-pez/pezdispenser/service/get_task_by_id_controller.go:28.61,33.4 3 1
github.com/pivotal-pez/pezdispenser/service/get_task_by_id_controller.go:33.4,35.4 1 0
github.com/pivotal-pez/pezdispenser/service/lease.go:19.97,25.2 1 1
github.com/pivotal-pez/pezdispenser/service/lease.go:28.102,46.69 5 1
github.com/pivotal-pez/pezdispenser/service/lease.go:58.2,58.16 1 1
github.com/pivotal-pez/pezdispenser/service/lease.go:61.2,61.8 1 1
github.com/pivotal-pez/pezdispenser/service/lease.go:46.69,50.51 3 1
github.com/pivotal-pez/pezdispenser/service/lease.go:50.51,55.4 4 1
github.com/pivotal-pez/pezdispenser/service/lease.go:58.16,60.3 1 0
github.com/pivotal-pez/pezdispenser/service/lease.go:65.100,83.69 5 1
github.com/pivotal-pez/pezdispenser/service/lease.go:95.2,95.16 1 1
github.com/pivotal-pez/pezdispenser/service/lease.go:98.2,98.8 1 1
github.com/pivotal-pez/pezdispenser/service/lease.go:83.69,87.51 3 1
github.com/pivotal-pez/pezdispenser/service/lease.go:87.51,92.4 4 1
github.com/pivotal-pez/pezdispenser/service/lease.go:95.16,97.3 1 1
github.com/pivotal-pez/pezdispenser/service/lease.go:102.27,103.54 1 1
github.com/pivotal-pez/pezdispenser/service/lease.go:103.54,106.29 2 1
github.com/pivotal-pez/pezdispenser/service/lease.go:110.3,110.33 1 1
github.com/pivotal-pez/pezdispenser/service/lease.go:106.29,109.4 2 0
github.com/pivotal-pez/pezdispenser/service/lease.go:112.3,115.3 2 1
github.com/pivotal-pez/pezdispenser/service/lease.go:119.31,121.54 1 1
github.com/pivotal-pez/pezdispenser/service/lease.go:121.54,124.29 2 1
github.com/pivotal-pez/pezdispenser/service/lease.go:128.3,128.33 1 1
github.com/pivotal-pez/pezdispenser/service/lease.go:124.29,127.4 2 0
github.com/pivotal-pez/pezdispenser/service/lease.go:130.3,133.3 2 1
github.com/pivotal-pez/pezdispenser/service/lease.go:137.68,139.21 1 1
github.com/pivotal-pez/pezdispenser/service/lease.go:147.2,147.8 1 1
github.com/pivotal-pez/pezdispenser/service/lease.go:139.21,141.56 1 1
github.com/pivotal-pez/pezdispenser/service/lease.go:141.56,143.4 1 1
github.com/pivotal-pez/pezdispenser/service/lease.go:144.3,146.3 1 1
github.com/pivotal-pez/pezdispenser/service/lease.go:151.49,154.2 2 1
github.com/pivotal-pez/pezdispenser/service/lease.go:159.55,163.94 3 1
github.com/pivotal-pez/pezdispenser/service/lease.go:174.2,174.8 1 1
github.com/pivotal-pez/pezdispenser/service/lease.go:163.94,166.3 1 1
github.com/pivotal-pez/pezdispenser/service/lease.go:166.3,166.35 1 1
github.com/pivotal-pez/pezdispenser/service/lease.go:166.35,173.3 6 1
github.com/pivotal-pez/pezdispenser/service/routes.go:24.96,29.38 3 1
github.com/pivotal-pez/pezdispenser/service/routes.go:33.2,33.44 1 0
github.com/pivotal-pez/pezdispenser/service/routes.go:29.38,31.3 1 0
github.com/pivotal-pez/pezdispenser/service/routes.go:33.44,37.3 3 0
github.com/pivotal-pez/pezdispenser/service/routes.go:40.64,44.79 3 1
github.com/pivotal-pez/pezdispenser/service/routes.go:53.2,53.8 1 0
github.com/pivotal-pez/pezdispenser/service/routes.go:44.79,46.96 1 1
github.com/pivotal-pez/pezdispenser/service/routes.go:46.96,48.4 1 0
github.com/pivotal-pez/pezdispenser/service/routes.go:50.3,52.3 1 0
github.com/pivotal-pez/pezdispenser/service/parse_url.go:12.50,30.2 7 1
github.com/pivotal-pez/pezdispenser/service/parse_url.go:40.45,41.40 1 1
github.com/pivotal-pez/pezdispenser/service/parse_url.go:44.2,46.41 2 1
github.com/pivotal-pez/pezdispenser/service/parse_url.go:56.2,56.41 1 1
github.com/pivotal-pez/pezdispenser/service/parse_url.go:60.2,61.18 2 1
github.com/pivotal-pez/pezdispenser/service/parse_url.go:41.40,43.3 1 1
github.com/pivotal-pez/pezdispenser/service/parse_url.go:46.41,50.20 3 1
github.com/pivotal-pez/pezdispenser/service/parse_url.go:54.3,54.14 1 1
github.com/pivotal-pez/pezdispenser/service/parse_url.go:50.20,53.4 1 1
github.com/pivotal-pez/pezdispenser/service/parse_url.go:56.41,59.3 2 1
github.com/pivotal-pez/pezdispenser/service/post_lease_controller.go:14.113,19.70 3 1
github.com/pivotal-pez/pezdispenser/service/post_lease_controller.go:19.70,23.3 3 1
github.com/pivotal-pez/pezdispenser/service/post_lease_controller.go:27.115,32.70 3 1
github.com/pivotal-pez/pezdispenser/service/post_lease_controller.go:32.70,36.3 3 1
github.com/pivotal-pez/pezdispenser/service/db_connection_setup.go:11.124,17.74 2 1
github.com/pivotal-pez/pezdispenser/service/db_connection_setup.go:21.2,21.82 1 1
github.com/pivotal-pez/pezdispenser/service/db_connection_setup.go:24.2,24.8 1 1
github.com/pivotal-pez/pezdispenser/service/db_connection_setup.go:17.74,19.3 1 0
github.com/pivotal-pez/pezdispenser/service/db_connection_setup.go:21.82,23.3 1 0
github.com/pivotal-pez/pezdispenser/service/get_info_controller.go:6.42,7.23 1 1
github.com/pivotal-pez/pezdispenser/service/get_info_controller.go:7.23,9.3 1 1
github.com/pivotal-pez/pezdispenser/service/mongo_wrapper.go:4.63,8.2 1 1
github.com/pivotal-pez/pezdispenser/service/mongo_wrapper.go:11.93,12.53 1 0
github.com/pivotal-pez/pezdispenser/service/mongo_wrapper.go:15.2,15.8 1 0
github.com/pivotal-pez/pezdispenser/service/mongo_wrapper.go:12.53,14.3 1 0
github.com/pivotal-pez/pezdispenser/service/mongo_wrapper.go:19.95,20.57 1 1
github.com/pivotal-pez/pezdispenser/service/mongo_wrapper.go:23.2,23.8 1 1
github.com/pivotal-pez/pezdispenser/service/mongo_wrapper.go:20.57,22.3 1 1
github.com/pivotal-pez/pezdispenser/service/mongo_wrapper.go:27.69,29.2 1 1
