mode: set
github.com/pivotal-pez/pezdispenser/skus/sku_2c_small.go:11.86,21.2 3 0
github.com/pivotal-pez/pezdispenser/skus/sku_2c_small.go:25.85,28.2 2 1
github.com/pivotal-pez/pezdispenser/skus/sku_2c_small.go:31.81,38.78 6 1
github.com/pivotal-pez/pezdispenser/skus/sku_2c_small.go:49.2,49.8 1 1
github.com/pivotal-pez/pezdispenser/skus/sku_2c_small.go:38.78,46.3 6 1
github.com/pivotal-pez/pezdispenser/skus/sku_2c_small.go:46.3,48.3 1 0
github.com/pivotal-pez/pezdispenser/skus/sku_2c_small.go:53.37,55.2 0 0
